<?xml version="1.0" encoding="UTF-8"?>
<!-- Generated by org.testng.reporters.JUnitXMLReporter -->
<testsuite ignored="2" hostname="Rafal-Komputer" failures="0" tests="4" name="Animals Test" time="0.099" errors="0" timestamp="2020-04-09T14:27:38 CEST">
  <testcase classname="practicepackage.GroupTestCase" name="printCats" time="0.021"/>
  <testcase classname="practicepackage.GroupTestCase" name="printFiat" time="0.021"/>
  <testcase classname="practicepackage.GroupTestCase" name="printDogs" time="0.003"/>
  <testcase classname="practicepackage.GroupTestCase" name="printPeugeot" time="0.004"/>
  <testcase classname="practicepackage.GroupTestCase" name="printFiat" time="0.0">
    <ignored/>
  </testcase> <!-- printFiat -->
  <testcase classname="practicepackage.GroupTestCase" name="printPeugeot" time="0.0">
    <ignored/>
  </testcase> <!-- printPeugeot -->
</testsuite> <!-- Animals Test -->
