<?xml version="1.0" encoding="UTF-8"?>
<!-- Generated by org.testng.reporters.JUnitXMLReporter -->
<testsuite ignored="2" hostname="Rafal-Komputer" failures="0" tests="2" name="Group Test" time="0.083" errors="0" timestamp="2020-04-08T20:39:46 CEST">
  <testcase classname="practicepackage.GroupTestCase" name="printFiat" time="0.024"/>
  <testcase classname="practicepackage.GroupTestCase" name="printPeugeot" time="0.001"/>
  <testcase classname="practicepackage.GroupTestCase" name="printCats" time="0.0">
    <ignored/>
  </testcase> <!-- printCats -->
  <testcase classname="practicepackage.GroupTestCase" name="printDogs" time="0.0">
    <ignored/>
  </testcase> <!-- printDogs -->
</testsuite> <!-- Group Test -->
